<?xml version="1.0" encoding="UTF-8"?>
<testng-results total="3" passed="2" failed="1" skipped="0">
  <reporter-output>
  </reporter-output>
  <suite started-at="2021-02-02T22:18:40Z" name="softwaretestingmaterial" finished-at="2021-02-02T22:18:40Z" duration-ms="50">
    <groups>
      <group name="functionalTest">
        <method signature="LoginandHomePageTest.ahomePageTest()[pri:1, instance:pack1.LoginandHomePageTest@62e136d3]" name="ahomePageTest" class="pack1.LoginandHomePageTest"/>
        <method signature="LoginandHomePageTest.bhomePageTitleTest()[pri:1, instance:pack1.LoginandHomePageTest@62e136d3]" name="bhomePageTitleTest" class="pack1.LoginandHomePageTest"/>
        <method signature="LoginandHomePageTest.csubjectPageTest()[pri:1, instance:pack1.LoginandHomePageTest@62e136d3]" name="csubjectPageTest" class="pack1.LoginandHomePageTest"/>
      </group>
    </groups>
    <test started-at="2021-02-02T22:18:40Z" name="testngTest" finished-at="2021-02-02T22:18:40Z" duration-ms="50">
      <class name="pack1.LoginandHomePageTest">
        <test-method signature="ahomePageTest()[pri:1, instance:pack1.LoginandHomePageTest@62e136d3]" started-at="2021-02-02T22:18:40Z" name="ahomePageTest" finished-at="2021-02-02T22:18:40Z" duration-ms="16" status="PASS">
        </test-method>
        <test-method signature="bhomePageTitleTest()[pri:1, instance:pack1.LoginandHomePageTest@62e136d3]" started-at="2021-02-02T22:18:40Z" name="bhomePageTitleTest" finished-at="2021-02-02T22:18:40Z" duration-ms="1" status="PASS">
        </test-method>
        <test-method signature="csubjectPageTest()[pri:1, instance:pack1.LoginandHomePageTest@62e136d3]" started-at="2021-02-02T22:18:40Z" name="csubjectPageTest" finished-at="2021-02-02T22:18:40Z" duration-ms="1" status="FAIL">
          <exception class="java.lang.AssertionError">
            <message>
              <![CDATA[expected:<st> but was:<st1>]]>
            </message>
            <full-stacktrace>
              <![CDATA[java.lang.AssertionError: expected:<st> but was:<st1>
	at org.testng.Assert.fail(Assert.java:89)
	at org.testng.Assert.failNotEquals(Assert.java:489)
	at org.testng.Assert.assertEquals(Assert.java:118)
	at org.testng.Assert.assertEquals(Assert.java:171)
	at org.testng.Assert.assertEquals(Assert.java:181)
	at pack1.LoginandHomePageTest.csubjectPageTest(LoginandHomePageTest.java:56)
	at java.base/jdk.internal.reflect.NativeMethodAccessorImpl.invoke0(Native Method)
	at java.base/jdk.internal.reflect.NativeMethodAccessorImpl.invoke(NativeMethodAccessorImpl.java:64)
	at java.base/jdk.internal.reflect.DelegatingMethodAccessorImpl.invoke(DelegatingMethodAccessorImpl.java:43)
	at java.base/java.lang.reflect.Method.invoke(Method.java:564)
	at org.testng.internal.MethodInvocationHelper.invokeMethod(MethodInvocationHelper.java:80)
	at org.testng.internal.Invoker.invokeMethod(Invoker.java:691)
	at org.testng.internal.Invoker.invokeTestMethod(Invoker.java:883)
	at org.testng.internal.Invoker.invokeTestMethods(Invoker.java:1208)
	at org.testng.internal.TestMethodWorker.invokeTestMethods(TestMethodWorker.java:127)
	at org.testng.internal.TestMethodWorker.run(TestMethodWorker.java:111)
	at org.testng.TestRunner.privateRun(TestRunner.java:758)
	at org.testng.TestRunner.run(TestRunner.java:613)
	at org.testng.SuiteRunner.runTest(SuiteRunner.java:334)
	at org.testng.SuiteRunner.runSequentially(SuiteRunner.java:329)
	at org.testng.SuiteRunner.privateRun(SuiteRunner.java:291)
	at org.testng.SuiteRunner.run(SuiteRunner.java:240)
	at org.testng.SuiteRunnerWorker.runSuite(SuiteRunnerWorker.java:53)
	at org.testng.SuiteRunnerWorker.run(SuiteRunnerWorker.java:87)
	at org.testng.TestNG.runSuitesSequentially(TestNG.java:1137)
	at org.testng.TestNG.runSuitesLocally(TestNG.java:1062)
	at org.testng.TestNG.run(TestNG.java:974)
	at org.testng.remote.AbstractRemoteTestNG.run(AbstractRemoteTestNG.java:115)
	at org.testng.remote.RemoteTestNG.initAndRun(RemoteTestNG.java:251)
	at org.testng.remote.RemoteTestNG.main(RemoteTestNG.java:77)
]]>
            </full-stacktrace>
          </exception>
        </test-method>
      </class>
    </test>
  </suite>
</testng-results>
